\BOOKMARK [1][-]{section.1}{Introduction}{}% 1
\BOOKMARK [1][-]{section.2}{Analytical Models for Epoch-Based Commit}{}% 2
\BOOKMARK [2][-]{subsection.2.1}{Protocol Description}{section.2}% 3
\BOOKMARK [2][-]{subsection.2.2}{Modelling Assumptions}{section.2}% 4
\BOOKMARK [2][-]{subsection.2.3}{Maximum Throughput}{section.2}% 5
\BOOKMARK [2][-]{subsection.2.4}{Average response time}{section.2}% 6
\BOOKMARK [2][-]{subsection.2.5}{Upper bound, Wu}{section.2}% 7
\BOOKMARK [2][-]{subsection.2.6}{Lower bound, Wd}{section.2}% 8
\BOOKMARK [1][-]{section.3}{Epoch-based Multi-commit}{}% 9
\BOOKMARK [2][-]{subsection.3.1}{Rationale and Approach}{section.3}% 10
\BOOKMARK [2][-]{subsection.3.2}{Motivation: TPC-C Case Study}{section.3}% 11
\BOOKMARK [2][-]{subsection.3.3}{Multi-Commit Protocol Description}{section.3}% 12
\BOOKMARK [1][-]{section.4}{Performance Evaluation Strategies}{}% 13
\BOOKMARK [1][-]{section.5}{Evaluation}{}% 14
\BOOKMARK [2][-]{subsection.5.1}{Maximum Throughput}{section.5}% 15
\BOOKMARK [2][-]{subsection.5.2}{Average Response Time}{section.5}% 16
\BOOKMARK [2][-]{subsection.5.3}{Paired Affinity}{section.5}% 17
\BOOKMARK [1][-]{section.6}{Related Work}{}% 18
\BOOKMARK [1][-]{section.7}{Conclusion}{}% 19
\BOOKMARK [1][-]{section*.7}{References}{}% 20
